info it worked if it ends with ok
verbose cli [ '/home/cloud9/c9/support/node-c9-builds-v4/node-c9-sunos',
verbose cli   '/home/ide_sukko/workspaces/npm/bin/npm.js',
verbose cli   'install',
verbose cli   'nowjs' ]
info using npm@1.0.1rc6
info using node@v0.4.12
verbose config file /home/cloud9/.npmrc
verbose config file /home/cloud9/c9/support/etc/npmrc
info into /mnt/ws/users/sukko/106860 [ 'nowjs' ]
verbose cache add [ 'nowjs', null ]
info addNamed [ 'nowjs', '' ]
verbose addNamed [ null, '' ]
verbose GET nowjs
verbose raw, before any munging nowjs
verbose url resolving [ 'http://registry.npmjs.org/', './nowjs' ]
verbose url resolved http://registry.npmjs.org/nowjs
verbose url parsed { protocol: 'http:',
verbose url parsed   slashes: true,
verbose url parsed   host: 'registry.npmjs.org',
verbose url parsed   hostname: 'registry.npmjs.org',
verbose url parsed   href: 'http://registry.npmjs.org/nowjs',
verbose url parsed   pathname: '/nowjs' }
verbose response http://registry.npmjs.org/nowjs
silly chunk {"error":"not_found","reason":"document not found"}
silly chunk 
silly get cb [ 404,
silly get cb   { server: 'CouchDB/1.1.0 (Erlang OTP/R14B04)',
silly get cb     date: 'Wed, 23 Nov 2011 08:23:38 GMT',
silly get cb     'content-type': 'application/json',
silly get cb     'content-length': '52',
silly get cb     'cache-control': 'must-revalidate' } ]
ERR! 404 'nowjs' is not in the npm registry.
ERR! 404 You should bug the author to publish it.
ERR! 404 Note that you can also install from a tarball or folder.
ERR! 
ERR! System SunOS 5.11
ERR! command "/home/cloud9/c9/support/node-c9-builds-v4/node-c9-sunos" "/home/ide_sukko/workspaces/npm/bin/npm.js" "install" "nowjs"
verbose exit [ 1, true ]
